2025-02-19T11:34:04.210+07:00  INFO 15616 --- [demo1] [main] nResourcesManagementSystemMvpApplication : Starting HumanResourcesManagementSystemMvpApplication using Java 21.0.6 with PID 15616 (C:\Users\tuan.nguyenhuu\Documents\workspace-spring-tool-suite-4-4.28.0.RELEASE\human-resources-management-system\target\classes started by tuan.nguyenhuu in C:\Users\tuan.nguyenhuu\Documents\workspace-spring-tool-suite-4-4.28.0.RELEASE\human-resources-management-system)
2025-02-19T11:34:04.211+07:00  INFO 15616 --- [demo1] [main] nResourcesManagementSystemMvpApplication : No active profile set, falling back to 1 default profile: "default"
2025-02-19T11:34:04.913+07:00  INFO 15616 --- [demo1] [main] .s.d.r.c.RepositoryConfigurationDelegate : Multiple Spring Data modules found, entering strict repository configuration mode
2025-02-19T11:34:04.916+07:00  INFO 15616 --- [demo1] [main] .s.d.r.c.RepositoryConfigurationDelegate : Bootstrapping Spring Data JPA repositories in DEFAULT mode.
2025-02-19T11:34:04.993+07:00  INFO 15616 --- [demo1] [main] .s.d.r.c.RepositoryConfigurationDelegate : Finished Spring Data repository scanning in 68 ms. Found 6 JPA repository interfaces.
2025-02-19T11:34:05.325+07:00  INFO 15616 --- [demo1] [main] .s.d.r.c.RepositoryConfigurationDelegate : Multiple Spring Data modules found, entering strict repository configuration mode
2025-02-19T11:34:05.325+07:00  INFO 15616 --- [demo1] [main] .s.d.r.c.RepositoryConfigurationDelegate : Bootstrapping Spring Data JDBC repositories in DEFAULT mode.
2025-02-19T11:34:05.340+07:00  INFO 15616 --- [demo1] [main] .RepositoryConfigurationExtensionSupport : Spring Data JDBC - Could not safely identify store assignment for repository candidate interface com.lab.server.repositories.DepartmentRepository; If you want this repository to be a JDBC repository, consider annotating your entities with one of these annotations: org.springframework.data.relational.core.mapping.Table.
2025-02-19T11:34:05.341+07:00  INFO 15616 --- [demo1] [main] .RepositoryConfigurationExtensionSupport : Spring Data JDBC - Could not safely identify store assignment for repository candidate interface com.lab.server.repositories.EmployeeRepository; If you want this repository to be a JDBC repository, consider annotating your entities with one of these annotations: org.springframework.data.relational.core.mapping.Table.
2025-02-19T11:34:05.341+07:00  INFO 15616 --- [demo1] [main] .RepositoryConfigurationExtensionSupport : Spring Data JDBC - Could not safely identify store assignment for repository candidate interface com.lab.server.repositories.PermissionRepository; If you want this repository to be a JDBC repository, consider annotating your entities with one of these annotations: org.springframework.data.relational.core.mapping.Table.
2025-02-19T11:34:05.342+07:00  INFO 15616 --- [demo1] [main] .RepositoryConfigurationExtensionSupport : Spring Data JDBC - Could not safely identify store assignment for repository candidate interface com.lab.server.repositories.PositionRepository; If you want this repository to be a JDBC repository, consider annotating your entities with one of these annotations: org.springframework.data.relational.core.mapping.Table.
2025-02-19T11:34:05.342+07:00  INFO 15616 --- [demo1] [main] .RepositoryConfigurationExtensionSupport : Spring Data JDBC - Could not safely identify store assignment for repository candidate interface com.lab.server.repositories.RoleRepository; If you want this repository to be a JDBC repository, consider annotating your entities with one of these annotations: org.springframework.data.relational.core.mapping.Table.
2025-02-19T11:34:05.342+07:00  INFO 15616 --- [demo1] [main] .RepositoryConfigurationExtensionSupport : Spring Data JDBC - Could not safely identify store assignment for repository candidate interface com.lab.server.repositories.UserRepository; If you want this repository to be a JDBC repository, consider annotating your entities with one of these annotations: org.springframework.data.relational.core.mapping.Table.
2025-02-19T11:34:05.342+07:00  INFO 15616 --- [demo1] [main] .s.d.r.c.RepositoryConfigurationDelegate : Finished Spring Data repository scanning in 16 ms. Found 0 JDBC repository interfaces.
2025-02-19T11:34:06.004+07:00  INFO 15616 --- [demo1] [main] o.s.b.w.embedded.tomcat.TomcatWebServer  : Tomcat initialized with port 8080 (http)
2025-02-19T11:34:06.015+07:00  INFO 15616 --- [demo1] [main] o.apache.catalina.core.StandardService   : Starting service [Tomcat]
2025-02-19T11:34:06.016+07:00  INFO 15616 --- [demo1] [main] o.apache.catalina.core.StandardEngine    : Starting Servlet engine: [Apache Tomcat/10.1.34]
2025-02-19T11:34:06.076+07:00  INFO 15616 --- [demo1] [main] o.a.c.c.C.[Tomcat].[localhost].[/]       : Initializing Spring embedded WebApplicationContext
2025-02-19T11:34:06.077+07:00  INFO 15616 --- [demo1] [main] w.s.c.ServletWebServerApplicationContext : Root WebApplicationContext: initialization completed in 1821 ms
2025-02-19T11:34:06.350+07:00  INFO 15616 --- [demo1] [main] o.hibernate.jpa.internal.util.LogHelper  : HHH000204: Processing PersistenceUnitInfo [name: default]
2025-02-19T11:34:06.396+07:00  INFO 15616 --- [demo1] [main] org.hibernate.Version                    : HHH000412: Hibernate ORM core version 6.3.1.Final
2025-02-19T11:34:06.428+07:00  INFO 15616 --- [demo1] [main] o.h.c.internal.RegionFactoryInitiator    : HHH000026: Second-level cache disabled
2025-02-19T11:34:06.609+07:00  INFO 15616 --- [demo1] [main] o.s.o.j.p.SpringPersistenceUnitInfo      : No LoadTimeWeaver setup: ignoring JPA class transformer
2025-02-19T11:34:06.633+07:00  INFO 15616 --- [demo1] [main] com.zaxxer.hikari.HikariDataSource       : HikariPool-1 - Starting...
2025-02-19T11:34:06.762+07:00  INFO 15616 --- [demo1] [main] com.zaxxer.hikari.pool.HikariPool        : HikariPool-1 - Added connection org.postgresql.jdbc.PgConnection@f453129
2025-02-19T11:34:06.764+07:00  INFO 15616 --- [demo1] [main] com.zaxxer.hikari.HikariDataSource       : HikariPool-1 - Start completed.
2025-02-19T11:34:07.627+07:00  INFO 15616 --- [demo1] [main] o.h.e.t.j.p.i.JtaPlatformInitiator       : HHH000489: No JTA platform available (set 'hibernate.transaction.jta.platform' to enable JTA platform integration)
2025-02-19T11:34:07.881+07:00  INFO 15616 --- [demo1] [main] j.LocalContainerEntityManagerFactoryBean : Initialized JPA EntityManagerFactory for persistence unit 'default'
2025-02-19T11:34:08.196+07:00  INFO 15616 --- [demo1] [main] r$InitializeUserDetailsManagerConfigurer : Global AuthenticationManager configured with UserDetailsService bean with name userDetailService
2025-02-19T11:34:08.266+07:00  INFO 15616 --- [demo1] [main] o.s.d.j.r.query.QueryEnhancerFactory     : Hibernate is in classpath; If applicable, HQL parser will be used.
2025-02-19T11:34:08.411+07:00  WARN 15616 --- [demo1] [main] JpaBaseConfiguration$JpaWebConfiguration : spring.jpa.open-in-view is enabled by default. Therefore, database queries may be performed during view rendering. Explicitly configure spring.jpa.open-in-view to disable this warning
2025-02-19T11:34:08.883+07:00  INFO 15616 --- [demo1] [main] o.s.b.a.e.web.EndpointLinksResolver      : Exposing 1 endpoint beneath base path '/actuator'
2025-02-19T11:34:09.098+07:00  INFO 15616 --- [demo1] [main] o.s.v.b.OptionalValidatorFactoryBean     : Failed to set up a Bean Validation provider: jakarta.validation.NoProviderFoundException: Unable to create a Configuration, because no Jakarta Bean Validation provider could be found. Add a provider like Hibernate Validator (RI) to your classpath.
2025-02-19T11:34:09.720+07:00  INFO 15616 --- [demo1] [main] o.s.b.w.embedded.tomcat.TomcatWebServer  : Tomcat started on port 8080 (http) with context path '/'
2025-02-19T11:34:09.733+07:00  INFO 15616 --- [demo1] [main] nResourcesManagementSystemMvpApplication : Started HumanResourcesManagementSystemMvpApplication in 5.903 seconds (process running for 6.691)
2025-02-19T11:34:09.740+07:00  INFO 15616 --- [demo1] [main] nResourcesManagementSystemMvpApplication : Swagger: http://localhost:8080/swagger-ui/index.html
2025-02-19T11:34:10.019+07:00  INFO 15616 --- [demo1] [RMI TCP Connection(4)-127.0.0.1] o.a.c.c.C.[Tomcat].[localhost].[/]       : Initializing Spring DispatcherServlet 'dispatcherServlet'
2025-02-19T11:34:10.020+07:00  INFO 15616 --- [demo1] [RMI TCP Connection(4)-127.0.0.1] o.s.web.servlet.DispatcherServlet        : Initializing Servlet 'dispatcherServlet'
2025-02-19T11:34:10.022+07:00  INFO 15616 --- [demo1] [RMI TCP Connection(4)-127.0.0.1] o.s.web.servlet.DispatcherServlet        : Completed initialization in 2 ms
2025-02-19T11:34:10.706+07:00  INFO 15616 --- [demo1] [http-nio-8080-exec-8] o.springdoc.api.AbstractOpenApiResource  : Init duration for springdoc-openapi is: 180 ms
2025-02-19T11:34:22.592+07:00  INFO 15616 --- [demo1] [RMI TCP Connection(2)-127.0.0.1] inMXBeanRegistrar$SpringApplicationAdmin : Application shutdown requested.
2025-02-19T11:34:22.595+07:00  INFO 15616 --- [demo1] [RMI TCP Connection(2)-127.0.0.1] o.s.b.w.e.tomcat.GracefulShutdown        : Commencing graceful shutdown. Waiting for active requests to complete
2025-02-19T11:34:22.599+07:00  INFO 15616 --- [demo1] [tomcat-shutdown] o.s.b.w.e.tomcat.GracefulShutdown        : Graceful shutdown complete
2025-02-19T11:34:22.607+07:00  INFO 15616 --- [demo1] [RMI TCP Connection(2)-127.0.0.1] j.LocalContainerEntityManagerFactoryBean : Closing JPA EntityManagerFactory for persistence unit 'default'
2025-02-19T11:34:22.609+07:00  INFO 15616 --- [demo1] [RMI TCP Connection(2)-127.0.0.1] com.zaxxer.hikari.HikariDataSource       : HikariPool-1 - Shutdown initiated...
2025-02-19T11:34:22.612+07:00  INFO 15616 --- [demo1] [RMI TCP Connection(2)-127.0.0.1] com.zaxxer.hikari.HikariDataSource       : HikariPool-1 - Shutdown completed.
